<?xml version="1.0" encoding="UTF-8"?>
<!-- Generated by org.testng.reporters.JUnitReportReporter -->
<testsuite hostname="DESKTOP-97TI65V" name="frameworkdata.AddItemsToCart" tests="1" failures="0" timestamp="26 May 2018 18:09:46 GMT" time="23.011" errors="0">
  <testcase name="cartItems" time="23.011" classname="frameworkdata.AddItemsToCart"/>
</testsuite> <!-- frameworkdata.AddItemsToCart -->
