<?xml version="1.0" encoding="UTF-8"?>
<!-- Generated by org.testng.reporters.JUnitReportReporter -->
<testsuite hostname="DESKTOP-97TI65V" name="frameworkdata.zohoLogin" tests="1" failures="0" timestamp="25 May 2018 10:40:18 GMT" time="17.083" errors="0">
  <testcase name="zohoLoginTest" time="17.083" classname="frameworkdata.zohoLogin"/>
</testsuite> <!-- frameworkdata.zohoLogin -->
