<?xml version="1.0" encoding="UTF-8"?>
<!-- Generated by org.testng.reporters.JUnitReportReporter -->
<testsuite hostname="DESKTOP-97TI65V" name="frameworkdata.VerifyEmptyCart" tests="1" failures="0" timestamp="25 May 2018 11:37:29 GMT" time="7.085" errors="0">
  <testcase name="cartItems" time="7.085" classname="frameworkdata.VerifyEmptyCart"/>
</testsuite> <!-- frameworkdata.VerifyEmptyCart -->
